2025-11-18 16:57:40.092: ERROR: Exception in MainWindow constructor
Exception: Object reference not set to an instance of an object.
Stack Trace:
   at PixelArtGenerator.MainWindow.EdgeOutlineColorRSlider_ValueChanged(Object sender, RoutedPropertyChangedEventArgs`1 e) in C:\Users\win11\Desktop\AgentPix\DMEO\MainWindow.xaml.cs:line 362
   at System.Windows.RoutedPropertyChangedEventArgs`1.InvokeEventHandler(Delegate genericHandler, Object genericTarget)
   at System.Windows.RoutedEventArgs.InvokeHandler(Delegate handler, Object target)
   at System.Windows.RoutedEventHandlerInfo.InvokeHandler(Object target, RoutedEventArgs routedEventArgs)
   at System.Windows.EventRoute.InvokeHandlersImpl(Object source, RoutedEventArgs args, Boolean reRaised)
   at System.Windows.UIElement.RaiseEventImpl(DependencyObject sender, RoutedEventArgs args)
   at System.Windows.UIElement.RaiseEvent(RoutedEventArgs e)
   at System.Windows.Controls.Primitives.RangeBase.OnValueChanged(Double oldValue, Double newValue)
   at System.Windows.Controls.Slider.OnValueChanged(Double oldValue, Double newValue)
   at System.Windows.Controls.Primitives.RangeBase.OnValueChanged(DependencyObject d, DependencyPropertyChangedEventArgs e)
   at System.Windows.DependencyObject.OnPropertyChanged(DependencyPropertyChangedEventArgs e)
   at System.Windows.FrameworkElement.OnPropertyChanged(DependencyPropertyChangedEventArgs e)
   at System.Windows.DependencyObject.NotifyPropertyChange(DependencyPropertyChangedEventArgs args)
   at System.Windows.DependencyObject.UpdateEffectiveValue(EntryIndex entryIndex, DependencyProperty dp, PropertyMetadata metadata, EffectiveValueEntry oldEntry, EffectiveValueEntry& newEntry, Boolean coerceWithDeferredReference, Boolean coerceWithCurrentValue, OperationType operationType)
   at System.Windows.DependencyObject.SetValueCommon(DependencyProperty dp, Object value, PropertyMetadata metadata, Boolean coerceWithDeferredReference, Boolean coerceWithCurrentValue, OperationType operationType, Boolean isInternal)
   at System.Windows.DependencyObject.SetValue(DependencyProperty dp, Object value)
   at System.Windows.Baml2006.WpfMemberInvoker.SetValue(Object instance, Object value)
   at MS.Internal.Xaml.Runtime.ClrObjectRuntime.SetValue(XamlMember member, Object obj, Object value)
   at MS.Internal.Xaml.Runtime.ClrObjectRuntime.SetValue(Object inst, XamlMember property, Object value)
   at System.Xaml.XamlObjectWriter.SetValue(Object inst, XamlMember property, Object value)
   at System.Xaml.XamlObjectWriter.Logic_ApplyPropertyValue(ObjectWriterContext ctx, XamlMember prop, Object value, Boolean onParent)
   at System.Xaml.XamlObjectWriter.Logic_DoAssignmentToParentProperty(ObjectWriterContext ctx)
   at System.Xaml.XamlObjectWriter.Logic_AssignProvidedValue(ObjectWriterContext ctx)
   at System.Xaml.XamlObjectWriter.WriteEndMember()
   at System.Xaml.XamlWriter.WriteNode(XamlReader reader)
   at System.Windows.Markup.WpfXamlLoader.TransformNodes(XamlReader xamlReader, XamlObjectWriter xamlWriter, Boolean onlyLoadOneNode, Boolean skipJournaledProperties, Boolean shouldPassLineNumberInfo, IXamlLineInfo xamlLineInfo, IXamlLineInfoConsumer xamlLineInfoConsumer, XamlContextStack`1 stack, IStyleConnector styleConnector)
   at System.Windows.Markup.WpfXamlLoader.Load(XamlReader xamlReader, IXamlObjectWriterFactory writerFactory, Boolean skipJournaledProperties, Object rootObject, XamlObjectWriterSettings settings, Uri baseUri)
   at System.Windows.Markup.WpfXamlLoader.LoadBaml(XamlReader xamlReader, Boolean skipJournaledProperties, Object rootObject, XamlAccessLevel accessLevel, Uri baseUri)
   at System.Windows.Markup.XamlReader.LoadBaml(Stream stream, ParserContext parserContext, Object parent, Boolean closeStream)
   at System.Windows.Application.LoadComponent(Object component, Uri resourceLocator)
   at PixelArtGenerator.MainWindow.InitializeComponent() in C:\Users\win11\Desktop\AgentPix\DMEO\MainWindow.xaml:line 1
   at PixelArtGenerator.MainWindow..ctor() in C:\Users\win11\Desktop\AgentPix\DMEO\MainWindow.xaml.cs:line 43
--------------------------------------------------
2025-11-18 16:58:15.667: ERROR: Exception in MainWindow constructor
Exception: Object reference not set to an instance of an object.
Stack Trace:
   at PixelArtGenerator.MainWindow.EdgeOutlineColorRSlider_ValueChanged(Object sender, RoutedPropertyChangedEventArgs`1 e) in C:\Users\win11\Desktop\AgentPix\DMEO\MainWindow.xaml.cs:line 362
   at System.Windows.RoutedPropertyChangedEventArgs`1.InvokeEventHandler(Delegate genericHandler, Object genericTarget)
   at System.Windows.RoutedEventArgs.InvokeHandler(Delegate handler, Object target)
   at System.Windows.RoutedEventHandlerInfo.InvokeHandler(Object target, RoutedEventArgs routedEventArgs)
   at System.Windows.EventRoute.InvokeHandlersImpl(Object source, RoutedEventArgs args, Boolean reRaised)
   at System.Windows.UIElement.RaiseEventImpl(DependencyObject sender, RoutedEventArgs args)
   at System.Windows.UIElement.RaiseEvent(RoutedEventArgs e)
   at System.Windows.Controls.Primitives.RangeBase.OnValueChanged(Double oldValue, Double newValue)
   at System.Windows.Controls.Slider.OnValueChanged(Double oldValue, Double newValue)
   at System.Windows.Controls.Primitives.RangeBase.OnValueChanged(DependencyObject d, DependencyPropertyChangedEventArgs e)
   at System.Windows.DependencyObject.OnPropertyChanged(DependencyPropertyChangedEventArgs e)
   at System.Windows.FrameworkElement.OnPropertyChanged(DependencyPropertyChangedEventArgs e)
   at System.Windows.DependencyObject.NotifyPropertyChange(DependencyPropertyChangedEventArgs args)
   at System.Windows.DependencyObject.UpdateEffectiveValue(EntryIndex entryIndex, DependencyProperty dp, PropertyMetadata metadata, EffectiveValueEntry oldEntry, EffectiveValueEntry& newEntry, Boolean coerceWithDeferredReference, Boolean coerceWithCurrentValue, OperationType operationType)
   at System.Windows.DependencyObject.SetValueCommon(DependencyProperty dp, Object value, PropertyMetadata metadata, Boolean coerceWithDeferredReference, Boolean coerceWithCurrentValue, OperationType operationType, Boolean isInternal)
   at System.Windows.DependencyObject.SetValue(DependencyProperty dp, Object value)
   at System.Windows.Baml2006.WpfMemberInvoker.SetValue(Object instance, Object value)
   at MS.Internal.Xaml.Runtime.ClrObjectRuntime.SetValue(XamlMember member, Object obj, Object value)
   at MS.Internal.Xaml.Runtime.ClrObjectRuntime.SetValue(Object inst, XamlMember property, Object value)
   at System.Xaml.XamlObjectWriter.SetValue(Object inst, XamlMember property, Object value)
   at System.Xaml.XamlObjectWriter.Logic_ApplyPropertyValue(ObjectWriterContext ctx, XamlMember prop, Object value, Boolean onParent)
   at System.Xaml.XamlObjectWriter.Logic_DoAssignmentToParentProperty(ObjectWriterContext ctx)
   at System.Xaml.XamlObjectWriter.Logic_AssignProvidedValue(ObjectWriterContext ctx)
   at System.Xaml.XamlObjectWriter.WriteEndMember()
   at System.Xaml.XamlWriter.WriteNode(XamlReader reader)
   at System.Windows.Markup.WpfXamlLoader.TransformNodes(XamlReader xamlReader, XamlObjectWriter xamlWriter, Boolean onlyLoadOneNode, Boolean skipJournaledProperties, Boolean shouldPassLineNumberInfo, IXamlLineInfo xamlLineInfo, IXamlLineInfoConsumer xamlLineInfoConsumer, XamlContextStack`1 stack, IStyleConnector styleConnector)
   at System.Windows.Markup.WpfXamlLoader.Load(XamlReader xamlReader, IXamlObjectWriterFactory writerFactory, Boolean skipJournaledProperties, Object rootObject, XamlObjectWriterSettings settings, Uri baseUri)
   at System.Windows.Markup.WpfXamlLoader.LoadBaml(XamlReader xamlReader, Boolean skipJournaledProperties, Object rootObject, XamlAccessLevel accessLevel, Uri baseUri)
   at System.Windows.Markup.XamlReader.LoadBaml(Stream stream, ParserContext parserContext, Object parent, Boolean closeStream)
   at System.Windows.Application.LoadComponent(Object component, Uri resourceLocator)
   at PixelArtGenerator.MainWindow.InitializeComponent() in C:\Users\win11\Desktop\AgentPix\DMEO\MainWindow.xaml:line 1
   at PixelArtGenerator.MainWindow..ctor() in C:\Users\win11\Desktop\AgentPix\DMEO\MainWindow.xaml.cs:line 43
--------------------------------------------------
2025-11-18 16:59:19.083: ERROR: Exception in MainWindow constructor
Exception: Object reference not set to an instance of an object.
Stack Trace:
   at PixelArtGenerator.MainWindow.EdgeOutlineColorRSlider_ValueChanged(Object sender, RoutedPropertyChangedEventArgs`1 e) in C:\Users\win11\Desktop\AgentPix\DMEO\MainWindow.xaml.cs:line 362
   at System.Windows.RoutedPropertyChangedEventArgs`1.InvokeEventHandler(Delegate genericHandler, Object genericTarget)
   at System.Windows.RoutedEventArgs.InvokeHandler(Delegate handler, Object target)
   at System.Windows.RoutedEventHandlerInfo.InvokeHandler(Object target, RoutedEventArgs routedEventArgs)
   at System.Windows.EventRoute.InvokeHandlersImpl(Object source, RoutedEventArgs args, Boolean reRaised)
   at System.Windows.UIElement.RaiseEventImpl(DependencyObject sender, RoutedEventArgs args)
   at System.Windows.UIElement.RaiseEvent(RoutedEventArgs e)
   at System.Windows.Controls.Primitives.RangeBase.OnValueChanged(Double oldValue, Double newValue)
   at System.Windows.Controls.Slider.OnValueChanged(Double oldValue, Double newValue)
   at System.Windows.Controls.Primitives.RangeBase.OnValueChanged(DependencyObject d, DependencyPropertyChangedEventArgs e)
   at System.Windows.DependencyObject.OnPropertyChanged(DependencyPropertyChangedEventArgs e)
   at System.Windows.FrameworkElement.OnPropertyChanged(DependencyPropertyChangedEventArgs e)
   at System.Windows.DependencyObject.NotifyPropertyChange(DependencyPropertyChangedEventArgs args)
   at System.Windows.DependencyObject.UpdateEffectiveValue(EntryIndex entryIndex, DependencyProperty dp, PropertyMetadata metadata, EffectiveValueEntry oldEntry, EffectiveValueEntry& newEntry, Boolean coerceWithDeferredReference, Boolean coerceWithCurrentValue, OperationType operationType)
   at System.Windows.DependencyObject.SetValueCommon(DependencyProperty dp, Object value, PropertyMetadata metadata, Boolean coerceWithDeferredReference, Boolean coerceWithCurrentValue, OperationType operationType, Boolean isInternal)
   at System.Windows.DependencyObject.SetValue(DependencyProperty dp, Object value)
   at System.Windows.Baml2006.WpfMemberInvoker.SetValue(Object instance, Object value)
   at MS.Internal.Xaml.Runtime.ClrObjectRuntime.SetValue(XamlMember member, Object obj, Object value)
   at MS.Internal.Xaml.Runtime.ClrObjectRuntime.SetValue(Object inst, XamlMember property, Object value)
   at System.Xaml.XamlObjectWriter.SetValue(Object inst, XamlMember property, Object value)
   at System.Xaml.XamlObjectWriter.Logic_ApplyPropertyValue(ObjectWriterContext ctx, XamlMember prop, Object value, Boolean onParent)
   at System.Xaml.XamlObjectWriter.Logic_DoAssignmentToParentProperty(ObjectWriterContext ctx)
   at System.Xaml.XamlObjectWriter.Logic_AssignProvidedValue(ObjectWriterContext ctx)
   at System.Xaml.XamlObjectWriter.WriteEndMember()
   at System.Xaml.XamlWriter.WriteNode(XamlReader reader)
   at System.Windows.Markup.WpfXamlLoader.TransformNodes(XamlReader xamlReader, XamlObjectWriter xamlWriter, Boolean onlyLoadOneNode, Boolean skipJournaledProperties, Boolean shouldPassLineNumberInfo, IXamlLineInfo xamlLineInfo, IXamlLineInfoConsumer xamlLineInfoConsumer, XamlContextStack`1 stack, IStyleConnector styleConnector)
   at System.Windows.Markup.WpfXamlLoader.Load(XamlReader xamlReader, IXamlObjectWriterFactory writerFactory, Boolean skipJournaledProperties, Object rootObject, XamlObjectWriterSettings settings, Uri baseUri)
   at System.Windows.Markup.WpfXamlLoader.LoadBaml(XamlReader xamlReader, Boolean skipJournaledProperties, Object rootObject, XamlAccessLevel accessLevel, Uri baseUri)
   at System.Windows.Markup.XamlReader.LoadBaml(Stream stream, ParserContext parserContext, Object parent, Boolean closeStream)
   at System.Windows.Application.LoadComponent(Object component, Uri resourceLocator)
   at PixelArtGenerator.MainWindow.InitializeComponent() in C:\Users\win11\Desktop\AgentPix\DMEO\MainWindow.xaml:line 1
   at PixelArtGenerator.MainWindow..ctor() in C:\Users\win11\Desktop\AgentPix\DMEO\MainWindow.xaml.cs:line 43
--------------------------------------------------
2025-11-18 17:03:18.297: ERROR: Exception in MainWindow constructor
Exception: Object reference not set to an instance of an object.
Stack Trace:
   at PixelArtGenerator.MainWindow.EdgeOutlineColorRSlider_ValueChanged(Object sender, RoutedPropertyChangedEventArgs`1 e) in C:\Users\win11\Desktop\AgentPix\DMEO\MainWindow.xaml.cs:line 362
   at System.Windows.RoutedPropertyChangedEventArgs`1.InvokeEventHandler(Delegate genericHandler, Object genericTarget)
   at System.Windows.RoutedEventArgs.InvokeHandler(Delegate handler, Object target)
   at System.Windows.RoutedEventHandlerInfo.InvokeHandler(Object target, RoutedEventArgs routedEventArgs)
   at System.Windows.EventRoute.InvokeHandlersImpl(Object source, RoutedEventArgs args, Boolean reRaised)
   at System.Windows.UIElement.RaiseEventImpl(DependencyObject sender, RoutedEventArgs args)
   at System.Windows.UIElement.RaiseEvent(RoutedEventArgs e)
   at System.Windows.Controls.Primitives.RangeBase.OnValueChanged(Double oldValue, Double newValue)
   at System.Windows.Controls.Slider.OnValueChanged(Double oldValue, Double newValue)
   at System.Windows.Controls.Primitives.RangeBase.OnValueChanged(DependencyObject d, DependencyPropertyChangedEventArgs e)
   at System.Windows.DependencyObject.OnPropertyChanged(DependencyPropertyChangedEventArgs e)
   at System.Windows.FrameworkElement.OnPropertyChanged(DependencyPropertyChangedEventArgs e)
   at System.Windows.DependencyObject.NotifyPropertyChange(DependencyPropertyChangedEventArgs args)
   at System.Windows.DependencyObject.UpdateEffectiveValue(EntryIndex entryIndex, DependencyProperty dp, PropertyMetadata metadata, EffectiveValueEntry oldEntry, EffectiveValueEntry& newEntry, Boolean coerceWithDeferredReference, Boolean coerceWithCurrentValue, OperationType operationType)
   at System.Windows.DependencyObject.SetValueCommon(DependencyProperty dp, Object value, PropertyMetadata metadata, Boolean coerceWithDeferredReference, Boolean coerceWithCurrentValue, OperationType operationType, Boolean isInternal)
   at System.Windows.DependencyObject.SetValue(DependencyProperty dp, Object value)
   at System.Windows.Baml2006.WpfMemberInvoker.SetValue(Object instance, Object value)
   at MS.Internal.Xaml.Runtime.ClrObjectRuntime.SetValue(XamlMember member, Object obj, Object value)
   at MS.Internal.Xaml.Runtime.ClrObjectRuntime.SetValue(Object inst, XamlMember property, Object value)
   at System.Xaml.XamlObjectWriter.SetValue(Object inst, XamlMember property, Object value)
   at System.Xaml.XamlObjectWriter.Logic_ApplyPropertyValue(ObjectWriterContext ctx, XamlMember prop, Object value, Boolean onParent)
   at System.Xaml.XamlObjectWriter.Logic_DoAssignmentToParentProperty(ObjectWriterContext ctx)
   at System.Xaml.XamlObjectWriter.Logic_AssignProvidedValue(ObjectWriterContext ctx)
   at System.Xaml.XamlObjectWriter.WriteEndMember()
   at System.Xaml.XamlWriter.WriteNode(XamlReader reader)
   at System.Windows.Markup.WpfXamlLoader.TransformNodes(XamlReader xamlReader, XamlObjectWriter xamlWriter, Boolean onlyLoadOneNode, Boolean skipJournaledProperties, Boolean shouldPassLineNumberInfo, IXamlLineInfo xamlLineInfo, IXamlLineInfoConsumer xamlLineInfoConsumer, XamlContextStack`1 stack, IStyleConnector styleConnector)
   at System.Windows.Markup.WpfXamlLoader.Load(XamlReader xamlReader, IXamlObjectWriterFactory writerFactory, Boolean skipJournaledProperties, Object rootObject, XamlObjectWriterSettings settings, Uri baseUri)
   at System.Windows.Markup.WpfXamlLoader.LoadBaml(XamlReader xamlReader, Boolean skipJournaledProperties, Object rootObject, XamlAccessLevel accessLevel, Uri baseUri)
   at System.Windows.Markup.XamlReader.LoadBaml(Stream stream, ParserContext parserContext, Object parent, Boolean closeStream)
   at System.Windows.Application.LoadComponent(Object component, Uri resourceLocator)
   at PixelArtGenerator.MainWindow.InitializeComponent() in C:\Users\win11\Desktop\AgentPix\DMEO\MainWindow.xaml:line 1
   at PixelArtGenerator.MainWindow..ctor() in C:\Users\win11\Desktop\AgentPix\DMEO\MainWindow.xaml.cs:line 43
--------------------------------------------------
2025-11-18 17:05:36.222: ERROR: Exception in MainWindow constructor
Exception: Object reference not set to an instance of an object.
Stack Trace:
   at PixelArtGenerator.MainWindow.EdgeOutlineColorRSlider_ValueChanged(Object sender, RoutedPropertyChangedEventArgs`1 e) in C:\Users\win11\Desktop\AgentPix\DMEO\MainWindow.xaml.cs:line 362
   at System.Windows.RoutedPropertyChangedEventArgs`1.InvokeEventHandler(Delegate genericHandler, Object genericTarget)
   at System.Windows.RoutedEventArgs.InvokeHandler(Delegate handler, Object target)
   at System.Windows.RoutedEventHandlerInfo.InvokeHandler(Object target, RoutedEventArgs routedEventArgs)
   at System.Windows.EventRoute.InvokeHandlersImpl(Object source, RoutedEventArgs args, Boolean reRaised)
   at System.Windows.UIElement.RaiseEventImpl(DependencyObject sender, RoutedEventArgs args)
   at System.Windows.UIElement.RaiseEvent(RoutedEventArgs e)
   at System.Windows.Controls.Primitives.RangeBase.OnValueChanged(Double oldValue, Double newValue)
   at System.Windows.Controls.Slider.OnValueChanged(Double oldValue, Double newValue)
   at System.Windows.Controls.Primitives.RangeBase.OnValueChanged(DependencyObject d, DependencyPropertyChangedEventArgs e)
   at System.Windows.DependencyObject.OnPropertyChanged(DependencyPropertyChangedEventArgs e)
   at System.Windows.FrameworkElement.OnPropertyChanged(DependencyPropertyChangedEventArgs e)
   at System.Windows.DependencyObject.NotifyPropertyChange(DependencyPropertyChangedEventArgs args)
   at System.Windows.DependencyObject.UpdateEffectiveValue(EntryIndex entryIndex, DependencyProperty dp, PropertyMetadata metadata, EffectiveValueEntry oldEntry, EffectiveValueEntry& newEntry, Boolean coerceWithDeferredReference, Boolean coerceWithCurrentValue, OperationType operationType)
   at System.Windows.DependencyObject.SetValueCommon(DependencyProperty dp, Object value, PropertyMetadata metadata, Boolean coerceWithDeferredReference, Boolean coerceWithCurrentValue, OperationType operationType, Boolean isInternal)
   at System.Windows.DependencyObject.SetValue(DependencyProperty dp, Object value)
   at System.Windows.Baml2006.WpfMemberInvoker.SetValue(Object instance, Object value)
   at MS.Internal.Xaml.Runtime.ClrObjectRuntime.SetValue(XamlMember member, Object obj, Object value)
   at MS.Internal.Xaml.Runtime.ClrObjectRuntime.SetValue(Object inst, XamlMember property, Object value)
   at System.Xaml.XamlObjectWriter.SetValue(Object inst, XamlMember property, Object value)
   at System.Xaml.XamlObjectWriter.Logic_ApplyPropertyValue(ObjectWriterContext ctx, XamlMember prop, Object value, Boolean onParent)
   at System.Xaml.XamlObjectWriter.Logic_DoAssignmentToParentProperty(ObjectWriterContext ctx)
   at System.Xaml.XamlObjectWriter.Logic_AssignProvidedValue(ObjectWriterContext ctx)
   at System.Xaml.XamlObjectWriter.WriteEndMember()
   at System.Xaml.XamlWriter.WriteNode(XamlReader reader)
   at System.Windows.Markup.WpfXamlLoader.TransformNodes(XamlReader xamlReader, XamlObjectWriter xamlWriter, Boolean onlyLoadOneNode, Boolean skipJournaledProperties, Boolean shouldPassLineNumberInfo, IXamlLineInfo xamlLineInfo, IXamlLineInfoConsumer xamlLineInfoConsumer, XamlContextStack`1 stack, IStyleConnector styleConnector)
   at System.Windows.Markup.WpfXamlLoader.Load(XamlReader xamlReader, IXamlObjectWriterFactory writerFactory, Boolean skipJournaledProperties, Object rootObject, XamlObjectWriterSettings settings, Uri baseUri)
   at System.Windows.Markup.WpfXamlLoader.LoadBaml(XamlReader xamlReader, Boolean skipJournaledProperties, Object rootObject, XamlAccessLevel accessLevel, Uri baseUri)
   at System.Windows.Markup.XamlReader.LoadBaml(Stream stream, ParserContext parserContext, Object parent, Boolean closeStream)
   at System.Windows.Application.LoadComponent(Object component, Uri resourceLocator)
   at PixelArtGenerator.MainWindow.InitializeComponent() in C:\Users\win11\Desktop\AgentPix\DMEO\MainWindow.xaml:line 1
   at PixelArtGenerator.MainWindow..ctor() in C:\Users\win11\Desktop\AgentPix\DMEO\MainWindow.xaml.cs:line 43
--------------------------------------------------
2025-11-18 17:07:27.812: ERROR: Exception in MainWindow constructor
Exception: Object reference not set to an instance of an object.
Stack Trace:
   at PixelArtGenerator.MainWindow.EdgeOutlineColorRSlider_ValueChanged(Object sender, RoutedPropertyChangedEventArgs`1 e) in C:\Users\win11\Desktop\AgentPix\DMEO\MainWindow.xaml.cs:line 362
   at System.Windows.RoutedPropertyChangedEventArgs`1.InvokeEventHandler(Delegate genericHandler, Object genericTarget)
   at System.Windows.RoutedEventArgs.InvokeHandler(Delegate handler, Object target)
   at System.Windows.RoutedEventHandlerInfo.InvokeHandler(Object target, RoutedEventArgs routedEventArgs)
   at System.Windows.EventRoute.InvokeHandlersImpl(Object source, RoutedEventArgs args, Boolean reRaised)
   at System.Windows.UIElement.RaiseEventImpl(DependencyObject sender, RoutedEventArgs args)
   at System.Windows.UIElement.RaiseEvent(RoutedEventArgs e)
   at System.Windows.Controls.Primitives.RangeBase.OnValueChanged(Double oldValue, Double newValue)
   at System.Windows.Controls.Slider.OnValueChanged(Double oldValue, Double newValue)
   at System.Windows.Controls.Primitives.RangeBase.OnValueChanged(DependencyObject d, DependencyPropertyChangedEventArgs e)
   at System.Windows.DependencyObject.OnPropertyChanged(DependencyPropertyChangedEventArgs e)
   at System.Windows.FrameworkElement.OnPropertyChanged(DependencyPropertyChangedEventArgs e)
   at System.Windows.DependencyObject.NotifyPropertyChange(DependencyPropertyChangedEventArgs args)
   at System.Windows.DependencyObject.UpdateEffectiveValue(EntryIndex entryIndex, DependencyProperty dp, PropertyMetadata metadata, EffectiveValueEntry oldEntry, EffectiveValueEntry& newEntry, Boolean coerceWithDeferredReference, Boolean coerceWithCurrentValue, OperationType operationType)
   at System.Windows.DependencyObject.SetValueCommon(DependencyProperty dp, Object value, PropertyMetadata metadata, Boolean coerceWithDeferredReference, Boolean coerceWithCurrentValue, OperationType operationType, Boolean isInternal)
   at System.Windows.DependencyObject.SetValue(DependencyProperty dp, Object value)
   at System.Windows.Baml2006.WpfMemberInvoker.SetValue(Object instance, Object value)
   at MS.Internal.Xaml.Runtime.ClrObjectRuntime.SetValue(XamlMember member, Object obj, Object value)
   at MS.Internal.Xaml.Runtime.ClrObjectRuntime.SetValue(Object inst, XamlMember property, Object value)
   at System.Xaml.XamlObjectWriter.SetValue(Object inst, XamlMember property, Object value)
   at System.Xaml.XamlObjectWriter.Logic_ApplyPropertyValue(ObjectWriterContext ctx, XamlMember prop, Object value, Boolean onParent)
   at System.Xaml.XamlObjectWriter.Logic_DoAssignmentToParentProperty(ObjectWriterContext ctx)
   at System.Xaml.XamlObjectWriter.Logic_AssignProvidedValue(ObjectWriterContext ctx)
   at System.Xaml.XamlObjectWriter.WriteEndMember()
   at System.Xaml.XamlWriter.WriteNode(XamlReader reader)
   at System.Windows.Markup.WpfXamlLoader.TransformNodes(XamlReader xamlReader, XamlObjectWriter xamlWriter, Boolean onlyLoadOneNode, Boolean skipJournaledProperties, Boolean shouldPassLineNumberInfo, IXamlLineInfo xamlLineInfo, IXamlLineInfoConsumer xamlLineInfoConsumer, XamlContextStack`1 stack, IStyleConnector styleConnector)
   at System.Windows.Markup.WpfXamlLoader.Load(XamlReader xamlReader, IXamlObjectWriterFactory writerFactory, Boolean skipJournaledProperties, Object rootObject, XamlObjectWriterSettings settings, Uri baseUri)
   at System.Windows.Markup.WpfXamlLoader.LoadBaml(XamlReader xamlReader, Boolean skipJournaledProperties, Object rootObject, XamlAccessLevel accessLevel, Uri baseUri)
   at System.Windows.Markup.XamlReader.LoadBaml(Stream stream, ParserContext parserContext, Object parent, Boolean closeStream)
   at System.Windows.Application.LoadComponent(Object component, Uri resourceLocator)
   at PixelArtGenerator.MainWindow.InitializeComponent() in C:\Users\win11\Desktop\AgentPix\DMEO\MainWindow.xaml:line 1
   at PixelArtGenerator.MainWindow..ctor() in C:\Users\win11\Desktop\AgentPix\DMEO\MainWindow.xaml.cs:line 43
--------------------------------------------------
2025-11-18 17:11:20.333: ERROR: Exception in MainWindow constructor
Exception: Object reference not set to an instance of an object.
Stack Trace:
   at PixelArtGenerator.MainWindow.EdgeOutlineColorRSlider_ValueChanged(Object sender, RoutedPropertyChangedEventArgs`1 e) in C:\Users\win11\Desktop\AgentPix\DMEO\MainWindow.xaml.cs:line 362
   at System.Windows.RoutedPropertyChangedEventArgs`1.InvokeEventHandler(Delegate genericHandler, Object genericTarget)
   at System.Windows.RoutedEventArgs.InvokeHandler(Delegate handler, Object target)
   at System.Windows.RoutedEventHandlerInfo.InvokeHandler(Object target, RoutedEventArgs routedEventArgs)
   at System.Windows.EventRoute.InvokeHandlersImpl(Object source, RoutedEventArgs args, Boolean reRaised)
   at System.Windows.UIElement.RaiseEventImpl(DependencyObject sender, RoutedEventArgs args)
   at System.Windows.UIElement.RaiseEvent(RoutedEventArgs e)
   at System.Windows.Controls.Primitives.RangeBase.OnValueChanged(Double oldValue, Double newValue)
   at System.Windows.Controls.Slider.OnValueChanged(Double oldValue, Double newValue)
   at System.Windows.Controls.Primitives.RangeBase.OnValueChanged(DependencyObject d, DependencyPropertyChangedEventArgs e)
   at System.Windows.DependencyObject.OnPropertyChanged(DependencyPropertyChangedEventArgs e)
   at System.Windows.FrameworkElement.OnPropertyChanged(DependencyPropertyChangedEventArgs e)
   at System.Windows.DependencyObject.NotifyPropertyChange(DependencyPropertyChangedEventArgs args)
   at System.Windows.DependencyObject.UpdateEffectiveValue(EntryIndex entryIndex, DependencyProperty dp, PropertyMetadata metadata, EffectiveValueEntry oldEntry, EffectiveValueEntry& newEntry, Boolean coerceWithDeferredReference, Boolean coerceWithCurrentValue, OperationType operationType)
   at System.Windows.DependencyObject.SetValueCommon(DependencyProperty dp, Object value, PropertyMetadata metadata, Boolean coerceWithDeferredReference, Boolean coerceWithCurrentValue, OperationType operationType, Boolean isInternal)
   at System.Windows.DependencyObject.SetValue(DependencyProperty dp, Object value)
   at System.Windows.Baml2006.WpfMemberInvoker.SetValue(Object instance, Object value)
   at MS.Internal.Xaml.Runtime.ClrObjectRuntime.SetValue(XamlMember member, Object obj, Object value)
   at MS.Internal.Xaml.Runtime.ClrObjectRuntime.SetValue(Object inst, XamlMember property, Object value)
   at System.Xaml.XamlObjectWriter.SetValue(Object inst, XamlMember property, Object value)
   at System.Xaml.XamlObjectWriter.Logic_ApplyPropertyValue(ObjectWriterContext ctx, XamlMember prop, Object value, Boolean onParent)
   at System.Xaml.XamlObjectWriter.Logic_DoAssignmentToParentProperty(ObjectWriterContext ctx)
   at System.Xaml.XamlObjectWriter.Logic_AssignProvidedValue(ObjectWriterContext ctx)
   at System.Xaml.XamlObjectWriter.WriteEndMember()
   at System.Xaml.XamlWriter.WriteNode(XamlReader reader)
   at System.Windows.Markup.WpfXamlLoader.TransformNodes(XamlReader xamlReader, XamlObjectWriter xamlWriter, Boolean onlyLoadOneNode, Boolean skipJournaledProperties, Boolean shouldPassLineNumberInfo, IXamlLineInfo xamlLineInfo, IXamlLineInfoConsumer xamlLineInfoConsumer, XamlContextStack`1 stack, IStyleConnector styleConnector)
   at System.Windows.Markup.WpfXamlLoader.Load(XamlReader xamlReader, IXamlObjectWriterFactory writerFactory, Boolean skipJournaledProperties, Object rootObject, XamlObjectWriterSettings settings, Uri baseUri)
   at System.Windows.Markup.WpfXamlLoader.LoadBaml(XamlReader xamlReader, Boolean skipJournaledProperties, Object rootObject, XamlAccessLevel accessLevel, Uri baseUri)
   at System.Windows.Markup.XamlReader.LoadBaml(Stream stream, ParserContext parserContext, Object parent, Boolean closeStream)
   at System.Windows.Application.LoadComponent(Object component, Uri resourceLocator)
   at PixelArtGenerator.MainWindow.InitializeComponent() in C:\Users\win11\Desktop\AgentPix\DMEO\MainWindow.xaml:line 1
   at PixelArtGenerator.MainWindow..ctor() in C:\Users\win11\Desktop\AgentPix\DMEO\MainWindow.xaml.cs:line 43
--------------------------------------------------
2025-11-18 17:17:35.903: ERROR: Exception in MainWindow constructor
Exception: Object reference not set to an instance of an object.
Stack Trace:
   at PixelArtGenerator.MainWindow.EdgeOutlineColorGSlider_ValueChanged(Object sender, RoutedPropertyChangedEventArgs`1 e) in C:\Users\win11\Desktop\AgentPix\DMEO\MainWindow.xaml.cs:line 371
   at System.Windows.RoutedPropertyChangedEventArgs`1.InvokeEventHandler(Delegate genericHandler, Object genericTarget)
   at System.Windows.RoutedEventArgs.InvokeHandler(Delegate handler, Object target)
   at System.Windows.RoutedEventHandlerInfo.InvokeHandler(Object target, RoutedEventArgs routedEventArgs)
   at System.Windows.EventRoute.InvokeHandlersImpl(Object source, RoutedEventArgs args, Boolean reRaised)
   at System.Windows.UIElement.RaiseEventImpl(DependencyObject sender, RoutedEventArgs args)
   at System.Windows.UIElement.RaiseEvent(RoutedEventArgs e)
   at System.Windows.Controls.Primitives.RangeBase.OnValueChanged(Double oldValue, Double newValue)
   at System.Windows.Controls.Slider.OnValueChanged(Double oldValue, Double newValue)
   at System.Windows.Controls.Primitives.RangeBase.OnValueChanged(DependencyObject d, DependencyPropertyChangedEventArgs e)
   at System.Windows.DependencyObject.OnPropertyChanged(DependencyPropertyChangedEventArgs e)
   at System.Windows.FrameworkElement.OnPropertyChanged(DependencyPropertyChangedEventArgs e)
   at System.Windows.DependencyObject.NotifyPropertyChange(DependencyPropertyChangedEventArgs args)
   at System.Windows.DependencyObject.UpdateEffectiveValue(EntryIndex entryIndex, DependencyProperty dp, PropertyMetadata metadata, EffectiveValueEntry oldEntry, EffectiveValueEntry& newEntry, Boolean coerceWithDeferredReference, Boolean coerceWithCurrentValue, OperationType operationType)
   at System.Windows.DependencyObject.SetValueCommon(DependencyProperty dp, Object value, PropertyMetadata metadata, Boolean coerceWithDeferredReference, Boolean coerceWithCurrentValue, OperationType operationType, Boolean isInternal)
   at System.Windows.DependencyObject.SetValue(DependencyProperty dp, Object value)
   at System.Windows.Baml2006.WpfMemberInvoker.SetValue(Object instance, Object value)
   at MS.Internal.Xaml.Runtime.ClrObjectRuntime.SetValue(XamlMember member, Object obj, Object value)
   at MS.Internal.Xaml.Runtime.ClrObjectRuntime.SetValue(Object inst, XamlMember property, Object value)
   at System.Xaml.XamlObjectWriter.SetValue(Object inst, XamlMember property, Object value)
   at System.Xaml.XamlObjectWriter.Logic_ApplyPropertyValue(ObjectWriterContext ctx, XamlMember prop, Object value, Boolean onParent)
   at System.Xaml.XamlObjectWriter.Logic_DoAssignmentToParentProperty(ObjectWriterContext ctx)
   at System.Xaml.XamlObjectWriter.Logic_AssignProvidedValue(ObjectWriterContext ctx)
   at System.Xaml.XamlObjectWriter.WriteEndMember()
   at System.Xaml.XamlWriter.WriteNode(XamlReader reader)
   at System.Windows.Markup.WpfXamlLoader.TransformNodes(XamlReader xamlReader, XamlObjectWriter xamlWriter, Boolean onlyLoadOneNode, Boolean skipJournaledProperties, Boolean shouldPassLineNumberInfo, IXamlLineInfo xamlLineInfo, IXamlLineInfoConsumer xamlLineInfoConsumer, XamlContextStack`1 stack, IStyleConnector styleConnector)
   at System.Windows.Markup.WpfXamlLoader.Load(XamlReader xamlReader, IXamlObjectWriterFactory writerFactory, Boolean skipJournaledProperties, Object rootObject, XamlObjectWriterSettings settings, Uri baseUri)
   at System.Windows.Markup.WpfXamlLoader.LoadBaml(XamlReader xamlReader, Boolean skipJournaledProperties, Object rootObject, XamlAccessLevel accessLevel, Uri baseUri)
   at System.Windows.Markup.XamlReader.LoadBaml(Stream stream, ParserContext parserContext, Object parent, Boolean closeStream)
   at System.Windows.Application.LoadComponent(Object component, Uri resourceLocator)
   at PixelArtGenerator.MainWindow.InitializeComponent() in C:\Users\win11\Desktop\AgentPix\DMEO\MainWindow.xaml:line 1
   at PixelArtGenerator.MainWindow..ctor() in C:\Users\win11\Desktop\AgentPix\DMEO\MainWindow.xaml.cs:line 43
--------------------------------------------------
